<?xml version="1.0" encoding="UTF-8"?>
<beans xmlns="http://www.springframework.org/schema/beans" xmlns:xsi="http://www.w3.org/2001/XMLSchema-instance"
   xmlns:context="http://www.springframework.org/schema/context" xmlns:mvc="http://www.springframework.org/schema/mvc"
   xmlns:p="http://www.springframework.org/schema/p"
   xsi:schemaLocation="http://www.springframework.org/schema/mvc http://www.springframework.org/schema/mvc/spring-mvc.xsd
      http://www.springframework.org/schema/beans  http://www.springframework.org/schema/beans/spring-beans.xsd
      http://www.springframework.org/schema/context http://www.springframework.org/schema/context/spring-context.xsd">

   <bean class="org.springframework.beans.factory.config.PropertyPlaceholderConfigurer">
      <property name="ignoreUnresolvablePlaceholders" value="false" />
      <property name="systemPropertiesModeName" value="SYSTEM_PROPERTIES_MODE_OVERRIDE" />
      <property name="ignoreResourceNotFound" value="true" />
      <property name="locations">
         <list>
            <value>classpath:taxonline-core.properties</value>
            <value>classpath:test-taxonline.properties</value>
            <value>${taxonline.properties}</value>
         </list>
      </property>
   </bean>

   <import resource="classpath:taxonline-core-context.xml" />
</beans>